<?xml version="1.0" encoding="UTF-8"?>
<testsuite name="DispacherDelegateTest" tests="1" skipped="0" failures="0" errors="0" timestamp="2020-05-18T02:03:28" hostname="DESKTOP-D3DV4JN" time="0.028">
  <properties/>
  <testcase name="when_init_success" classname="DispacherDelegateTest" time="0.028"/>
  <system-out><![CDATA[Creating thread...
Starting thread...
Creating thread...
Starting thread...
]]></system-out>
  <system-err><![CDATA[]]></system-err>
</testsuite>
